\BOOKMARK [0][-]{part.1}{\376\377\173\054\116\000\220\350\122\006\000\040\137\025\212\000}{}% 1
\BOOKMARK [0][-]{part.2}{\376\377\173\054\116\214\220\350\122\006\000\040\145\160\133\146\220\350\122\006}{}% 2
\BOOKMARK [1][-]{section.2.1}{\376\377\226\306\124\010\116\016\146\040\134\004}{part.2}% 3
\BOOKMARK [2][-]{subsection.2.1.1}{\376\377\226\306\124\010\166\204\127\372\170\100\151\202\137\365}{section.2.1}% 4
\BOOKMARK [2][-]{subsection.2.1.2}{\376\377\121\163\174\373}{section.2.1}% 5
\BOOKMARK [1][-]{section.2.2}{\376\377\124\021\221\317\172\172\225\364}{part.2}% 6
\BOOKMARK [1][-]{section.2.3}{\376\377\121\205\171\357\172\172\225\364\116\016\215\113\203\003\124\021\221\317\172\172\225\364}{part.2}% 7
\BOOKMARK [1][-]{section.2.4}{\376\377\176\277\140\047\123\330\143\142}{part.2}% 8
\BOOKMARK [2][-]{subsection.2.4.1}{\376\377\176\277\140\047\123\330\143\142\166\204\133\232\116\111\124\214\127\372\147\054\140\047\215\050}{section.2.4}% 9
\BOOKMARK [2][-]{subsection.2.4.2}{\376\377\176\277\140\047\123\330\143\142\166\204\127\120\150\007\167\351\226\065}{section.2.4}% 10
\BOOKMARK [2][-]{subsection.2.4.3}{\376\377\176\277\140\047\123\330\143\142\166\204\217\154\177\156}{section.2.4}% 11
\BOOKMARK [1][-]{section.2.5}{\376\377\127\372\123\330\143\142\116\016\127\120\150\007\123\330\143\142\121\154\137\017}{part.2}% 12
\BOOKMARK [1][-]{section.2.6}{\376\377\121\205\171\357\172\172\225\364\116\012\166\204\176\277\140\047\173\227\173\046}{part.2}% 13
\BOOKMARK [2][-]{subsection.2.6.1}{\376\377\117\064\226\217\173\227\173\046}{section.2.6}% 14
\BOOKMARK [2][-]{subsection.2.6.2}{\376\377\136\172\153\143\173\227\173\046}{section.2.6}% 15
\BOOKMARK [1][-]{section.2.7}{\376\377\176\277\140\047\173\227\173\046\166\204\210\114\122\027\137\017\060\001\217\371\124\214\162\171\137\201\120\074}{part.2}% 16
\BOOKMARK [2][-]{subsection.2.7.1}{\376\377\176\277\140\047\173\227\173\046\166\204\210\114\122\027\137\017}{section.2.7}% 17
\BOOKMARK [2][-]{subsection.2.7.2}{\376\377\176\277\140\047\173\227\173\046\166\204\217\371}{section.2.7}% 18
\BOOKMARK [2][-]{subsection.2.7.3}{\376\377\176\277\140\047\173\227\173\046\166\204\162\171\137\201\120\074}{section.2.7}% 19
\BOOKMARK [1][-]{section.2.8}{\376\377\153\143\211\304\173\227\173\046\123\312\121\166\214\061\122\006\211\343}{part.2}% 20
\BOOKMARK [1][-]{section.2.9}{\376\377\153\047\121\340\221\314\137\227\172\172\225\364}{part.2}% 21
\BOOKMARK [2][-]{subsection.2.9.1}{\376\377\121\306\131\007\167\345\213\306\377\032\136\246\221\317\172\172\225\364\116\016\173\111\215\335\123\330\143\142}{section.2.9}% 22
\BOOKMARK [2][-]{subsection.2.9.2}{\376\377\153\047\121\340\221\314\137\227\172\172\225\364\123\312\121\166\136\163\171\373\124\021\221\317\172\172\225\364}{section.2.9}% 23
\BOOKMARK [2][-]{subsection.2.9.3}{\376\377\173\111\215\335\123\330\143\142\166\204\210\150\171\072\133\232\164\006}{section.2.9}% 24
\BOOKMARK [1][-]{section.2.10}{\376\377\124\021\221\317\121\375\145\160\123\312\121\166\126\376\120\317}{part.2}% 25
\BOOKMARK [1][-]{section.2.11}{\376\377\124\021\221\317\121\375\145\160\166\204\147\201\226\120\116\016\217\336\176\355\140\047}{part.2}% 26
\BOOKMARK [2][-]{subsection.2.11.1}{\376\377\124\021\221\317\121\375\145\160\166\204\147\201\226\120\116\016\217\336\176\355\140\047}{section.2.11}% 27
\BOOKMARK [2][-]{subsection.2.11.2}{\376\377\147\201\226\120\166\204\116\000\116\233\140\047\215\050}{section.2.11}% 28
\BOOKMARK [1][-]{section.2.12}{\376\377\124\021\221\317\121\375\145\160\166\204\137\256\122\006\116\016\133\374\145\160}{part.2}% 29
\BOOKMARK [2][-]{subsection.2.12.1}{\376\377\116\000\121\103\121\375\145\160\166\204\133\374\145\160\116\016\137\256\122\006\377\010\126\336\230\176\377\011}{section.2.12}% 30
\BOOKMARK [2][-]{subsection.2.12.2}{\376\377\124\021\221\317\121\375\145\160\166\204\137\256\122\006\124\214\133\374\145\160}{section.2.12}% 31
\BOOKMARK [2][-]{subsection.2.12.3}{\376\377\124\021\221\317\121\375\145\160\166\204\133\374\121\375\145\160\060\001\217\336\176\355\123\357\137\256\121\375\145\160}{section.2.12}% 32
\BOOKMARK [2][-]{subsection.2.12.4}{\376\377\133\371\124\021\221\317\166\204\133\374\145\160\116\016\145\271\124\021\133\374\145\160}{section.2.12}% 33
\BOOKMARK [2][-]{subsection.2.12.5}{\376\377\131\015\124\010\121\375\145\160\154\102\133\374\166\204\224\376\137\017\154\325\122\031\060\001\123\315\121\375\145\160\133\232\164\006\060\001\226\220\121\375\145\160\133\232\164\006}{section.2.12}% 34
\BOOKMARK [1][-]{section.2.13}{\376\377\146\362\176\277\060\001\146\362\227\142\124\214\171\357\122\006\133\232\164\006}{part.2}% 35
\BOOKMARK [2][-]{subsection.2.13.1}{\376\377\146\362\176\277\171\357\122\006}{section.2.13}% 36
\BOOKMARK [2][-]{subsection.2.13.2}{\376\377\146\362\227\142\171\357\122\006}{section.2.13}% 37
\BOOKMARK [2][-]{subsection.2.13.3}{\376\377\171\357\122\006\143\142\121\103\121\154\137\017\000[\000p\000.\000\040\0001\0001\0006\000,\040\034\116\224\040\035\000]\123\116\135\345\232\330\145\160\0002\0000\0000\0009\116\013}{section.2.13}% 38
\BOOKMARK [2][-]{subsection.2.13.4}{\376\377\171\357\122\006\133\232\164\006}{section.2.13}% 39
\BOOKMARK [0][-]{part.3}{\376\377\173\054\116\011\220\350\122\006\000\040\217\336\176\355\116\313\215\050\122\233\133\146\127\372\170\100}{}% 40
\BOOKMARK [1][-]{section.3.1}{\376\377\150\007\147\266\116\016\123\302\200\003\174\373}{part.3}% 41
\BOOKMARK [2][-]{subsection.3.1.1}{\376\377\145\260\123\344\121\170\145\366\172\172}{section.3.1}% 42
\BOOKMARK [2][-]{subsection.3.1.2}{\376\377\116\026\165\114\176\277\116\016\150\007\147\266}{section.3.1}% 43
\BOOKMARK [2][-]{subsection.3.1.3}{\376\377\150\007\147\266\166\204\173\200\123\026\133\232\116\111}{section.3.1}% 44
\BOOKMARK [2][-]{subsection.3.1.4}{\376\377\127\072\121\375\145\160\166\204\150\007\147\266\116\015\123\330\140\047}{section.3.1}% 45
\BOOKMARK [1][-]{section.3.2}{\376\377\162\151\117\123\166\204\217\320\122\250}{part.3}% 46
\BOOKMARK [2][-]{subsection.3.2.1}{\376\377\162\151\117\123\166\204\217\320\122\250}{section.3.2}% 47
\BOOKMARK [1][-]{section.3.3}{\376\377\162\151\117\123\166\204\137\142\123\330}{part.3}% 48
\BOOKMARK [2][-]{subsection.3.3.1}{\376\377\162\151\117\123\166\204\137\142\123\330}{section.3.3}% 49
\BOOKMARK [2][-]{subsection.3.3.2}{\376\377\137\142\123\330\150\257\136\246\137\040\221\317}{section.3.3}% 50
\BOOKMARK [1][-]{section.3.4}{\376\377\162\151\215\050\143\317\217\360\116\016\172\172\225\364\143\317\217\360}{part.3}% 51
\BOOKMARK [1][-]{section.3.5}{\376\377\136\224\123\330\163\207\137\040\221\317}{part.3}% 52
\BOOKMARK [0][-]{part.4}{\376\377\173\054\126\333\220\350\122\006\000\040\226\104\137\125}{}% 53
\BOOKMARK [1][-]{section.4.1}{\376\377\176\277\140\047\116\343\145\160\220\350\122\006\133\232\164\006\166\204\213\301\146\016}{part.4}% 54
\BOOKMARK [2][-]{subsection.4.1.1}{\376\377\203\003\166\204\173\111\116\367\140\047}{section.4.1}% 55
\BOOKMARK [2][-]{subsection.4.1.2}{\376\377\117\064\226\217\173\227\173\046\166\204\125\057\116\000\133\130\127\050\140\047}{section.4.1}% 56
\BOOKMARK [1][-]{section.4.2}{\376\377\124\021\221\317\121\375\145\160\137\256\171\357\122\006\220\350\122\006\166\204\213\301\146\016}{part.4}% 57
\BOOKMARK [2][-]{subsection.4.2.1}{\376\377\000R\000n\172\172\225\364\116\012\166\204\116\000\116\233\142\323\142\121\151\202\137\365}{section.4.2}% 58
\BOOKMARK [2][-]{subsection.4.2.2}{\376\377\124\021\221\317\121\375\145\160\123\357\137\256\122\006\166\204\137\305\211\201\147\141\116\366\116\016\121\105\122\006\147\141\116\366}{section.4.2}% 59
\BOOKMARK [2][-]{subsection.4.2.3}{\376\377\131\015\124\010\121\375\145\160\154\102\133\374\166\204\224\376\137\017\154\325\122\031}{section.4.2}% 60
\BOOKMARK [2][-]{subsection.4.2.4}{\376\377\123\315\121\375\145\160\133\232\164\006\124\214\226\220\121\375\145\160\133\232\164\006}{section.4.2}% 61
\BOOKMARK [2][-]{subsection.4.2.5}{\376\377\173\111\215\335\123\330\143\142\166\204\210\150\171\072\133\232\164\006}{section.4.2}% 62
